<?xml version="1.0" encoding="UTF-8"?>
<testsuite xmlns:xsi="http://www.w3.org/2001/XMLSchema-instance" xsi:noNamespaceSchemaLocation="https://maven.apache.org/surefire/maven-surefire-plugin/xsd/surefire-test-report.xsd" name="pers.prover07.boot.Junit5AssertTest" time="1.009" tests="6" errors="0" skipped="0" failures="4">
  <properties>
[...]
</properties>
  <testcase name="testAssertTimeout" classname="pers.prover07.boot.Junit5AssertTest" time="1.003">
    <failure message="超时啦 ==&gt; execution exceeded timeout of 500 ms by 506 ms" type="org.opentest4j.AssertionFailedError">org.opentest4j.AssertionFailedError: 超时啦 ==> execution exceeded timeout of 500 ms by 506 ms
	at pers.prover07.boot.Junit5AssertTest.testAssertTimeout(Junit5AssertTest.java:52)
</failure>
  </testcase>
  <testcase name="testFail" classname="pers.prover07.boot.Junit5AssertTest" time="0">
    <failure message="失败了" type="org.opentest4j.AssertionFailedError">org.opentest4j.AssertionFailedError: 失败了
	at pers.prover07.boot.Junit5AssertTest.testFail(Junit5AssertTest.java:59)
</failure>
  </testcase>
  <testcase name="testAssertEquals" classname="pers.prover07.boot.Junit5AssertTest" time="0.001">
    <failure message="两值并不相等 ==&gt; expected: &lt;1&gt; but was: &lt;2&gt;" type="org.opentest4j.AssertionFailedError"><![CDATA[org.opentest4j.AssertionFailedError: 两值并不相等 ==> expected: <1> but was: <2>
	at pers.prover07.boot.Junit5AssertTest.testAssertEquals(Junit5AssertTest.java:22)
]]></failure>
  </testcase>
  <testcase name="testAssertArrayEquals" classname="pers.prover07.boot.Junit5AssertTest" time="0.001"/>
  <testcase name="testAssertThrows" classname="pers.prover07.boot.Junit5AssertTest" time="0.001">
    <failure message="未能抛出 NullPointerException 异常 ==&gt; Expected java.lang.NullPointerException to be thrown, but nothing was thrown." type="org.opentest4j.AssertionFailedError">org.opentest4j.AssertionFailedError: 未能抛出 NullPointerException 异常 ==> Expected java.lang.NullPointerException to be thrown, but nothing was thrown.
	at pers.prover07.boot.Junit5AssertTest.testAssertThrows(Junit5AssertTest.java:44)
</failure>
    <system-out><![CDATA[11111
]]></system-out>
  </testcase>
  <testcase name="testAssertAll" classname="pers.prover07.boot.Junit5AssertTest" time="0.002"/>
</testsuite>